Determining if the pthread_create exist failed with the following output:
Change Dir: /mnt/code/gtest/test1/build/CMakeFiles/CMakeTmp

Run Build Command:/usr/bin/make "cmTryCompileExec4043266619/fast"
make: Warning: File `Makefile' has modification time 4.5e+02 s in the future
/usr/bin/make -f CMakeFiles/cmTryCompileExec4043266619.dir/build.make CMakeFiles/cmTryCompileExec4043266619.dir/build
make[1]: Entering directory `/mnt/code/gtest/test1/build/CMakeFiles/CMakeTmp'
make[1]: Warning: File `CMakeFiles/cmTryCompileExec4043266619.dir/flags.make' has modification time 4.5e+02 s in the future
/usr/bin/cmake -E cmake_progress_report /mnt/code/gtest/test1/build/CMakeFiles/CMakeTmp/CMakeFiles 1
Building C object CMakeFiles/cmTryCompileExec4043266619.dir/CheckSymbolExists.c.o
/usr/bin/cc    -o CMakeFiles/cmTryCompileExec4043266619.dir/CheckSymbolExists.c.o   -c /mnt/code/gtest/test1/build/CMakeFiles/CMakeTmp/CheckSymbolExists.c
Linking C executable cmTryCompileExec4043266619
/usr/bin/cmake -E cmake_link_script CMakeFiles/cmTryCompileExec4043266619.dir/link.txt --verbose=1
/usr/bin/cc       CMakeFiles/cmTryCompileExec4043266619.dir/CheckSymbolExists.c.o  -o cmTryCompileExec4043266619 -rdynamic 
CMakeFiles/cmTryCompileExec4043266619.dir/CheckSymbolExists.c.o: In function `main':
CheckSymbolExists.c:(.text+0x16): undefined reference to `pthread_create'
collect2: error: ld returned 1 exit status
make[1]: *** [cmTryCompileExec4043266619] Error 1
make[1]: Leaving directory `/mnt/code/gtest/test1/build/CMakeFiles/CMakeTmp'
make: *** [cmTryCompileExec4043266619/fast] Error 2

File /mnt/code/gtest/test1/build/CMakeFiles/CMakeTmp/CheckSymbolExists.c:
/* */
#include <pthread.h>

int main(int argc, char** argv)
{
  (void)argv;
#ifndef pthread_create
  return ((int*)(&pthread_create))[argc];
#else
  (void)argc;
  return 0;
#endif
}

Determining if the function pthread_create exists in the pthreads failed with the following output:
Change Dir: /mnt/code/gtest/test1/build/CMakeFiles/CMakeTmp

Run Build Command:/usr/bin/make "cmTryCompileExec335906335/fast"
make: Warning: File `Makefile' has modification time 4.5e+02 s in the future
/usr/bin/make -f CMakeFiles/cmTryCompileExec335906335.dir/build.make CMakeFiles/cmTryCompileExec335906335.dir/build
make[1]: Entering directory `/mnt/code/gtest/test1/build/CMakeFiles/CMakeTmp'
make[1]: Warning: File `CMakeFiles/cmTryCompileExec335906335.dir/flags.make' has modification time 4.5e+02 s in the future
/usr/bin/cmake -E cmake_progress_report /mnt/code/gtest/test1/build/CMakeFiles/CMakeTmp/CMakeFiles 1
Building C object CMakeFiles/cmTryCompileExec335906335.dir/CheckFunctionExists.c.o
/usr/bin/cc   -DCHECK_FUNCTION_EXISTS=pthread_create   -o CMakeFiles/cmTryCompileExec335906335.dir/CheckFunctionExists.c.o   -c /usr/share/cmake-2.8/Modules/CheckFunctionExists.c
Linking C executable cmTryCompileExec335906335
/usr/bin/cmake -E cmake_link_script CMakeFiles/cmTryCompileExec335906335.dir/link.txt --verbose=1
/usr/bin/cc   -DCHECK_FUNCTION_EXISTS=pthread_create    CMakeFiles/cmTryCompileExec335906335.dir/CheckFunctionExists.c.o  -o cmTryCompileExec335906335 -rdynamic -lpthreads 
/usr/bin/ld: cannot find -lpthreads
collect2: error: ld returned 1 exit status
make[1]: *** [cmTryCompileExec335906335] Error 1
make[1]: Leaving directory `/mnt/code/gtest/test1/build/CMakeFiles/CMakeTmp'
make: *** [cmTryCompileExec335906335/fast] Error 2


