Determining if the pthread_create exist failed with the following output:
Change Dir: /mnt/code/gtest/gtest/test2/unit_test/build/CMakeFiles/CMakeTmp

Run Build Command:/usr/bin/make "cmTryCompileExec3025093325/fast"
make: Warning: File `Makefile' has modification time 1.1e+03 s in the future
/usr/bin/make -f CMakeFiles/cmTryCompileExec3025093325.dir/build.make CMakeFiles/cmTryCompileExec3025093325.dir/build
make[1]: Entering directory `/mnt/code/gtest/gtest/test2/unit_test/build/CMakeFiles/CMakeTmp'
make[1]: Warning: File `CMakeFiles/cmTryCompileExec3025093325.dir/flags.make' has modification time 1.1e+03 s in the future
/usr/bin/cmake -E cmake_progress_report /mnt/code/gtest/gtest/test2/unit_test/build/CMakeFiles/CMakeTmp/CMakeFiles 1
Building C object CMakeFiles/cmTryCompileExec3025093325.dir/CheckSymbolExists.c.o
/usr/bin/cc    -o CMakeFiles/cmTryCompileExec3025093325.dir/CheckSymbolExists.c.o   -c /mnt/code/gtest/gtest/test2/unit_test/build/CMakeFiles/CMakeTmp/CheckSymbolExists.c
Linking C executable cmTryCompileExec3025093325
/usr/bin/cmake -E cmake_link_script CMakeFiles/cmTryCompileExec3025093325.dir/link.txt --verbose=1
/usr/bin/cc       CMakeFiles/cmTryCompileExec3025093325.dir/CheckSymbolExists.c.o  -o cmTryCompileExec3025093325 -rdynamic 
CMakeFiles/cmTryCompileExec3025093325.dir/CheckSymbolExists.c.o: In function `main':
CheckSymbolExists.c:(.text+0x16): undefined reference to `pthread_create'
collect2: error: ld returned 1 exit status
make[1]: *** [cmTryCompileExec3025093325] Error 1
make[1]: Leaving directory `/mnt/code/gtest/gtest/test2/unit_test/build/CMakeFiles/CMakeTmp'
make: *** [cmTryCompileExec3025093325/fast] Error 2

File /mnt/code/gtest/gtest/test2/unit_test/build/CMakeFiles/CMakeTmp/CheckSymbolExists.c:
/* */
#include <pthread.h>

int main(int argc, char** argv)
{
  (void)argv;
#ifndef pthread_create
  return ((int*)(&pthread_create))[argc];
#else
  (void)argc;
  return 0;
#endif
}

Determining if the function pthread_create exists in the pthreads failed with the following output:
Change Dir: /mnt/code/gtest/gtest/test2/unit_test/build/CMakeFiles/CMakeTmp

Run Build Command:/usr/bin/make "cmTryCompileExec1876864407/fast"
make: Warning: File `Makefile' has modification time 1.1e+03 s in the future
/usr/bin/make -f CMakeFiles/cmTryCompileExec1876864407.dir/build.make CMakeFiles/cmTryCompileExec1876864407.dir/build
make[1]: Entering directory `/mnt/code/gtest/gtest/test2/unit_test/build/CMakeFiles/CMakeTmp'
make[1]: Warning: File `CMakeFiles/cmTryCompileExec1876864407.dir/flags.make' has modification time 1.1e+03 s in the future
/usr/bin/cmake -E cmake_progress_report /mnt/code/gtest/gtest/test2/unit_test/build/CMakeFiles/CMakeTmp/CMakeFiles 1
Building C object CMakeFiles/cmTryCompileExec1876864407.dir/CheckFunctionExists.c.o
/usr/bin/cc   -DCHECK_FUNCTION_EXISTS=pthread_create   -o CMakeFiles/cmTryCompileExec1876864407.dir/CheckFunctionExists.c.o   -c /usr/share/cmake-2.8/Modules/CheckFunctionExists.c
Linking C executable cmTryCompileExec1876864407
/usr/bin/cmake -E cmake_link_script CMakeFiles/cmTryCompileExec1876864407.dir/link.txt --verbose=1
/usr/bin/cc   -DCHECK_FUNCTION_EXISTS=pthread_create    CMakeFiles/cmTryCompileExec1876864407.dir/CheckFunctionExists.c.o  -o cmTryCompileExec1876864407 -rdynamic -lpthreads 
/usr/bin/ld: cannot find -lpthreads
collect2: error: ld returned 1 exit status
make[1]: *** [cmTryCompileExec1876864407] Error 1
make[1]: Leaving directory `/mnt/code/gtest/gtest/test2/unit_test/build/CMakeFiles/CMakeTmp'
make: *** [cmTryCompileExec1876864407/fast] Error 2


